<?xml version="1.0" encoding="UTF-8"?>
<!-- Generated by org.testng.reporters.JUnitReportReporter -->
<testsuite hostname="DESKTOP-QMV0SAV" failures="0" tests="1" name="study.NewTest" time="0.078" errors="0" timestamp="2023-06-30T11:44:16 IST" skipped="0">
  <testcase classname="study.NewTest" name="f" time="0.078"/>
</testsuite> <!-- study.NewTest -->
