<?xml version="1.0" encoding="UTF-8"?>
<!-- Generated by org.testng.reporters.JUnitReportReporter -->
<testsuite hostname="DESKTOP-QMV0SAV" failures="0" tests="1" name="study.NewTest1" time="0.221" errors="0" timestamp="2023-07-01T19:31:52 IST" skipped="0">
  <testcase classname="study.NewTest1" name="f" time="0.221"/>
</testsuite> <!-- study.NewTest1 -->
