<?xml version="1.0" encoding="UTF-8"?>
<!-- Generated by org.testng.reporters.JUnitReportReporter -->
<testsuite hostname="DESKTOP-QMV0SAV" failures="0" tests="1" name="test.PB_TC_2195_ValidatePolicyUserName" time="75.732" errors="0" timestamp="2023-07-09T11:18:20 IST" skipped="0">
  <testcase classname="test.PB_TC_2195_ValidatePolicyUserName" name="ValidateUserName" time="75.732">
    <system-out>
      <![CDATA[reading dataUNfrom property
Waiting time for1000milli sec]]>
    </system-out>
  </testcase> <!-- ValidateUserName -->
  <system-out>
    <![CDATA[Waiting time for1000milli sec
reading dataurlfrom property
Launchig Browser
Waiting time for1000milli sec
click on sign in button
Waiting time for1000milli sec
reading datamobNumfrom property
Enter mobile number
Waiting time for1000milli sec
click with sign in button
Waiting time for1000milli sec
reading datapwdfrom property
Enter password
Waiting time for1000milli sec
login with sign in button home page
Waiting time for1000milli sec
my account page 
Waiting time for1000milli sec
my profile page
Waiting time for1000milli sec
Switching to child pge id
Waiting time for1000milli sec
reading dataUNfrom property
Waiting time for1000milli sec
Waiting time for1000milli sec]]>
  </system-out>
</testsuite> <!-- test.PB_TC_2195_ValidatePolicyUserName -->
